#! /foss/tools/iverilog/bin/vvp
:ivl_version "14.0 (devel)" "(s20251012-216-g6b1878c1-dirty)";
:ivl_delay_selection "TYPICAL";
:vpi_time_precision - 12;
:vpi_module "/foss/tools/iverilog/lib/ivl/system.vpi";
:vpi_module "/foss/tools/iverilog/lib/ivl/vhdl_sys.vpi";
:vpi_module "/foss/tools/iverilog/lib/ivl/vhdl_textio.vpi";
:vpi_module "/foss/tools/iverilog/lib/ivl/v2005_math.vpi";
:vpi_module "/foss/tools/iverilog/lib/ivl/va_math.vpi";
:vpi_module "/foss/tools/iverilog/lib/ivl/v2009.vpi";
S_0x55567f1db550 .scope package, "$unit" "$unit" 2 1;
 .timescale 0 0;
S_0x55567f21b180 .scope module, "INT_mac_TB" "INT_mac_TB" 3 3;
 .timescale -9 -12;
v0x55567f244550_0 .var/s "a", 8 0;
v0x55567f244630_0 .var/s "b", 8 0;
v0x55567f2446d0_0 .var "clk", 0 0;
v0x55567f2447a0_0 .net "out_valid", 0 0, v0x55567f244050_0;  1 drivers
v0x55567f244870_0 .net "overflow", 0 0, v0x55567f243eb0_0;  1 drivers
v0x55567f244910_0 .net/s "result", 22 0, L_0x55567f20f3f0;  1 drivers
v0x55567f2449e0_0 .var "rst_n", 0 0;
v0x55567f244ab0_0 .var "valid", 0 0;
E_0x55567f21ca60 .event posedge, v0x55567f243c70_0;
S_0x55567f21b310 .scope module, "mac_inst" "int_MAC" 3 17, 4 3 0, S_0x55567f21b180;
 .timescale -9 -12;
    .port_info 0 /INPUT 1 "i_clk";
    .port_info 1 /INPUT 1 "i_rst_n";
    .port_info 2 /INPUT 1 "i_valid";
    .port_info 3 /INPUT 9 "i_a";
    .port_info 4 /INPUT 9 "i_b";
    .port_info 5 /OUTPUT 1 "o_valid";
    .port_info 6 /OUTPUT 23 "o_result";
    .port_info 7 /OUTPUT 1 "o_overflow";
L_0x55567f20eea0 .functor XOR 1, L_0x55567f245240, L_0x55567f245330, C4<0>, C4<0>;
L_0x55567f20f3f0 .functor BUFZ 23, v0x55567f2442b0_0, C4<00000000000000000000000>, C4<00000000000000000000000>, C4<00000000000000000000000>;
v0x55567f20efb0_0 .net *"_ivl_1", 0 0, L_0x55567f244b80;  1 drivers
v0x55567f20f500_0 .net *"_ivl_11", 23 0, L_0x55567f244fd0;  1 drivers
v0x55567f20fa30_0 .net *"_ivl_15", 0 0, L_0x55567f245240;  1 drivers
v0x55567f20fd10_0 .net *"_ivl_17", 0 0, L_0x55567f245330;  1 drivers
v0x55567f210050_0 .net *"_ivl_2", 23 0, L_0x55567f244c80;  1 drivers
v0x55567f206c80_0 .net *"_ivl_4", 23 0, L_0x55567f244c80;  alias, 1 drivers
v0x55567f206d80_0 .net *"_ivl_6", 0 0, L_0x55567f244e10;  1 drivers
v0x55567f243850_0 .net *"_ivl_8", 5 0, L_0x55567f244eb0;  1 drivers
v0x55567f243930_0 .net *"_ivl_9", 23 0, L_0x55567f244fd0;  alias, 1 drivers
v0x55567f2439f0_0 .net/s "extended_result", 23 0, L_0x55567f245160;  1 drivers
v0x55567f243ab0_0 .net/s "i_a", 8 0, v0x55567f244550_0;  1 drivers
v0x55567f243b90_0 .net/s "i_b", 8 0, v0x55567f244630_0;  1 drivers
v0x55567f243c70_0 .net "i_clk", 0 0, v0x55567f2446d0_0;  1 drivers
v0x55567f243d30_0 .net "i_rst_n", 0 0, v0x55567f2449e0_0;  1 drivers
v0x55567f243df0_0 .net "i_valid", 0 0, v0x55567f244ab0_0;  1 drivers
v0x55567f243eb0_0 .var "o_overflow", 0 0;
v0x55567f243f70_0 .net/s "o_result", 22 0, L_0x55567f20f3f0;  alias, 1 drivers
v0x55567f244050_0 .var "o_valid", 0 0;
v0x55567f244110_0 .net "overflow", 0 0, L_0x55567f20eea0;  1 drivers
v0x55567f2441d0_0 .var/s "product", 17 0;
v0x55567f2442b0_0 .var/s "result_reg", 22 0;
v0x55567f244390_0 .var "valid_0", 0 0;
E_0x55567f21c840/0 .event negedge, v0x55567f243d30_0;
E_0x55567f21c840/1 .event posedge, v0x55567f243c70_0;
E_0x55567f21c840 .event/or E_0x55567f21c840/0, E_0x55567f21c840/1;
L_0x55567f244b80 .part v0x55567f2442b0_0, 22, 1;
L_0x55567f244c80 .concat [ 23 1 0 0], v0x55567f2442b0_0, L_0x55567f244b80;
L_0x55567f244e10 .part v0x55567f2441d0_0, 17, 1;
L_0x55567f244eb0 .repeat 6, 6, L_0x55567f244e10;
L_0x55567f244fd0 .concat [ 18 6 0 0], v0x55567f2441d0_0, L_0x55567f244eb0;
L_0x55567f245160 .arith/sum 24, L_0x55567f244c80, L_0x55567f244fd0;
L_0x55567f245240 .part L_0x55567f245160, 23, 1;
L_0x55567f245330 .part L_0x55567f245160, 22, 1;
    .scope S_0x55567f21b310;
T_0 ;
    %wait E_0x55567f21c840;
    %load/vec4 v0x55567f243d30_0;
    %nor/r;
    %flag_set/vec4 8;
    %jmp/0xz  T_0.0, 8;
    %pushi/vec4 0, 0, 18;
    %assign/vec4 v0x55567f2441d0_0, 0;
    %pushi/vec4 0, 0, 1;
    %assign/vec4 v0x55567f244390_0, 0;
    %jmp T_0.1;
T_0.0 ;
    %load/vec4 v0x55567f243df0_0;
    %flag_set/vec4 8;
    %jmp/0xz  T_0.2, 8;
    %load/vec4 v0x55567f243ab0_0;
    %pad/s 18;
    %load/vec4 v0x55567f243b90_0;
    %pad/s 18;
    %mul;
    %assign/vec4 v0x55567f2441d0_0, 0;
T_0.2 ;
    %load/vec4 v0x55567f243df0_0;
    %assign/vec4 v0x55567f244390_0, 0;
T_0.1 ;
    %jmp T_0;
    .thread T_0;
    .scope S_0x55567f21b310;
T_1 ;
    %wait E_0x55567f21c840;
    %load/vec4 v0x55567f243d30_0;
    %nor/r;
    %flag_set/vec4 8;
    %jmp/0xz  T_1.0, 8;
    %pushi/vec4 0, 0, 23;
    %assign/vec4 v0x55567f2442b0_0, 0;
    %pushi/vec4 0, 0, 1;
    %assign/vec4 v0x55567f243eb0_0, 0;
    %pushi/vec4 0, 0, 1;
    %assign/vec4 v0x55567f244050_0, 0;
    %jmp T_1.1;
T_1.0 ;
    %load/vec4 v0x55567f244390_0;
    %flag_set/vec4 9;
    %flag_get/vec4 9;
    %jmp/0 T_1.4, 9;
    %load/vec4 v0x55567f243eb0_0;
    %nor/r;
    %and;
T_1.4;
    %flag_set/vec4 8;
    %jmp/0xz  T_1.2, 8;
    %load/vec4 v0x55567f2439f0_0;
    %parti/s 23, 0, 2;
    %assign/vec4 v0x55567f2442b0_0, 0;
T_1.2 ;
    %load/vec4 v0x55567f244390_0;
    %flag_set/vec4 9;
    %flag_get/vec4 9;
    %jmp/0 T_1.7, 9;
    %load/vec4 v0x55567f243eb0_0;
    %nor/r;
    %and;
T_1.7;
    %flag_set/vec4 8;
    %jmp/0xz  T_1.5, 8;
    %load/vec4 v0x55567f244110_0;
    %assign/vec4 v0x55567f243eb0_0, 0;
T_1.5 ;
    %load/vec4 v0x55567f244390_0;
    %flag_set/vec4 8;
    %flag_get/vec4 8;
    %jmp/0 T_1.8, 8;
    %load/vec4 v0x55567f243eb0_0;
    %nor/r;
    %and;
T_1.8;
    %assign/vec4 v0x55567f244050_0, 0;
T_1.1 ;
    %jmp T_1;
    .thread T_1;
    .scope S_0x55567f21b180;
T_2 ;
    %vpi_call/w 3 30 "$dumpfile", "mac.vcd" {0 0 0};
    %vpi_call/w 3 31 "$dumpvars", 32'sb00000000000000000000000000000000, S_0x55567f21b180 {0 0 0};
    %end;
    .thread T_2;
    .scope S_0x55567f21b180;
T_3 ;
    %pushi/vec4 0, 0, 1;
    %store/vec4 v0x55567f2446d0_0, 0, 1;
    %end;
    .thread T_3;
    .scope S_0x55567f21b180;
T_4 ;
    %delay 5000, 0;
    %load/vec4 v0x55567f2446d0_0;
    %inv;
    %store/vec4 v0x55567f2446d0_0, 0, 1;
    %jmp T_4;
    .thread T_4;
    .scope S_0x55567f21b180;
T_5 ;
    %vpi_call/w 3 41 "$display", "Time\011Valid\011A\011B\011Result\011Out_Valid\011Overflow" {0 0 0};
    %end;
    .thread T_5;
    .scope S_0x55567f21b180;
T_6 ;
    %wait E_0x55567f21ca60;
    %vpi_call/w 3 45 "$display", "%0t\011%b\011%0d\011%0d\011%0d\011%b\011\011%b", $time, v0x55567f244ab0_0, v0x55567f244550_0, v0x55567f244630_0, v0x55567f244910_0, v0x55567f2447a0_0, v0x55567f244870_0 {0 0 0};
    %jmp T_6;
    .thread T_6;
    .scope S_0x55567f21b180;
T_7 ;
    %pushi/vec4 0, 0, 1;
    %assign/vec4 v0x55567f2449e0_0, 0;
    %pushi/vec4 0, 0, 1;
    %assign/vec4 v0x55567f244ab0_0, 0;
    %pushi/vec4 0, 0, 9;
    %assign/vec4 v0x55567f244550_0, 0;
    %pushi/vec4 0, 0, 9;
    %assign/vec4 v0x55567f244630_0, 0;
    %pushi/vec4 2, 0, 32;
T_7.0 %dup/vec4;
    %cmpi/s 0, 0, 32;
    %jmp/1xz T_7.1, 5;
    %jmp/1 T_7.1, 4;
    %subi 1, 0, 32;
    %wait E_0x55567f21ca60;
    %jmp T_7.0;
T_7.1 ;
    %pop/vec4 1;
    %pushi/vec4 1, 0, 1;
    %assign/vec4 v0x55567f2449e0_0, 0;
    %wait E_0x55567f21ca60;
    %pushi/vec4 1, 0, 1;
    %assign/vec4 v0x55567f244ab0_0, 0;
    %pushi/vec4 100, 0, 9;
    %assign/vec4 v0x55567f244550_0, 0;
    %pushi/vec4 50, 0, 9;
    %assign/vec4 v0x55567f244630_0, 0;
    %wait E_0x55567f21ca60;
    %pushi/vec4 1, 0, 1;
    %assign/vec4 v0x55567f244ab0_0, 0;
    %pushi/vec4 412, 0, 9;
    %assign/vec4 v0x55567f244550_0, 0;
    %pushi/vec4 50, 0, 9;
    %assign/vec4 v0x55567f244630_0, 0;
    %wait E_0x55567f21ca60;
    %pushi/vec4 1, 0, 1;
    %assign/vec4 v0x55567f244ab0_0, 0;
    %pushi/vec4 100, 0, 9;
    %assign/vec4 v0x55567f244550_0, 0;
    %pushi/vec4 412, 0, 9;
    %assign/vec4 v0x55567f244630_0, 0;
    %wait E_0x55567f21ca60;
    %pushi/vec4 1, 0, 1;
    %assign/vec4 v0x55567f244ab0_0, 0;
    %pushi/vec4 412, 0, 9;
    %assign/vec4 v0x55567f244550_0, 0;
    %pushi/vec4 462, 0, 9;
    %assign/vec4 v0x55567f244630_0, 0;
    %wait E_0x55567f21ca60;
    %pushi/vec4 1, 0, 1;
    %assign/vec4 v0x55567f244ab0_0, 0;
    %pushi/vec4 50, 0, 9;
    %assign/vec4 v0x55567f244550_0, 0;
    %pushi/vec4 50, 0, 9;
    %assign/vec4 v0x55567f244630_0, 0;
    %wait E_0x55567f21ca60;
    %pushi/vec4 1, 0, 1;
    %assign/vec4 v0x55567f244ab0_0, 0;
    %pushi/vec4 50, 0, 9;
    %assign/vec4 v0x55567f244550_0, 0;
    %pushi/vec4 25, 0, 9;
    %assign/vec4 v0x55567f244630_0, 0;
    %wait E_0x55567f21ca60;
    %pushi/vec4 1, 0, 1;
    %assign/vec4 v0x55567f244ab0_0, 0;
    %pushi/vec4 462, 0, 9;
    %assign/vec4 v0x55567f244550_0, 0;
    %pushi/vec4 487, 0, 9;
    %assign/vec4 v0x55567f244630_0, 0;
    %wait E_0x55567f21ca60;
    %pushi/vec4 0, 0, 1;
    %assign/vec4 v0x55567f244ab0_0, 0;
    %pushi/vec4 20, 0, 9;
    %assign/vec4 v0x55567f244550_0, 0;
    %pushi/vec4 30, 0, 9;
    %assign/vec4 v0x55567f244630_0, 0;
    %wait E_0x55567f21ca60;
    %pushi/vec4 0, 0, 1;
    %assign/vec4 v0x55567f244ab0_0, 0;
    %pushi/vec4 10, 0, 9;
    %assign/vec4 v0x55567f244550_0, 0;
    %pushi/vec4 10, 0, 9;
    %assign/vec4 v0x55567f244630_0, 0;
    %wait E_0x55567f21ca60;
    %pushi/vec4 0, 0, 1;
    %assign/vec4 v0x55567f244ab0_0, 0;
    %pushi/vec4 5, 0, 9;
    %assign/vec4 v0x55567f244550_0, 0;
    %pushi/vec4 15, 0, 9;
    %assign/vec4 v0x55567f244630_0, 0;
    %wait E_0x55567f21ca60;
    %pushi/vec4 0, 0, 1;
    %assign/vec4 v0x55567f244ab0_0, 0;
    %pushi/vec4 0, 0, 9;
    %assign/vec4 v0x55567f244550_0, 0;
    %pushi/vec4 0, 0, 9;
    %assign/vec4 v0x55567f244630_0, 0;
    %pushi/vec4 66, 0, 32;
T_7.2 %dup/vec4;
    %cmpi/s 0, 0, 32;
    %jmp/1xz T_7.3, 5;
    %jmp/1 T_7.3, 4;
    %subi 1, 0, 32;
    %wait E_0x55567f21ca60;
    %pushi/vec4 1, 0, 1;
    %assign/vec4 v0x55567f244ab0_0, 0;
    %pushi/vec4 255, 0, 9;
    %assign/vec4 v0x55567f244550_0, 0;
    %pushi/vec4 255, 0, 9;
    %assign/vec4 v0x55567f244630_0, 0;
    %jmp T_7.2;
T_7.3 ;
    %pop/vec4 1;
    %wait E_0x55567f21ca60;
    %pushi/vec4 0, 0, 1;
    %assign/vec4 v0x55567f244ab0_0, 0;
    %pushi/vec4 0, 0, 9;
    %assign/vec4 v0x55567f244550_0, 0;
    %pushi/vec4 0, 0, 9;
    %assign/vec4 v0x55567f244630_0, 0;
    %wait E_0x55567f21ca60;
    %pushi/vec4 0, 0, 1;
    %assign/vec4 v0x55567f2449e0_0, 0;
    %wait E_0x55567f21ca60;
    %pushi/vec4 1, 0, 1;
    %assign/vec4 v0x55567f2449e0_0, 0;
    %pushi/vec4 100, 0, 32;
T_7.4 %dup/vec4;
    %cmpi/s 0, 0, 32;
    %jmp/1xz T_7.5, 5;
    %jmp/1 T_7.5, 4;
    %subi 1, 0, 32;
    %wait E_0x55567f21ca60;
    %pushi/vec4 1, 0, 1;
    %assign/vec4 v0x55567f244ab0_0, 0;
    %vpi_func 3 94 "$urandom_range" 32, 32'sb11111111111111111111111100000000, 32'sb00000000000000000000000011111111 {0 0 0};
    %pad/u 9;
    %assign/vec4 v0x55567f244550_0, 0;
    %vpi_func 3 95 "$urandom_range" 32, 32'sb11111111111111111111111100000000, 32'sb00000000000000000000000011111111 {0 0 0};
    %pad/u 9;
    %assign/vec4 v0x55567f244630_0, 0;
    %jmp T_7.4;
T_7.5 ;
    %pop/vec4 1;
    %pushi/vec4 4, 0, 32;
T_7.6 %dup/vec4;
    %cmpi/s 0, 0, 32;
    %jmp/1xz T_7.7, 5;
    %jmp/1 T_7.7, 4;
    %subi 1, 0, 32;
    %wait E_0x55567f21ca60;
    %jmp T_7.6;
T_7.7 ;
    %pop/vec4 1;
    %vpi_call/w 3 99 "$finish" {0 0 0};
    %end;
    .thread T_7;
# The file index is used to find the file name in the following table.
:file_names 5;
    "N/A";
    "<interactive>";
    "-";
    "INT_mac_TB.sv";
    "int_MAC.sv";
